0 info it worked if it ends with ok
1 verbose cli [ '/usr/bin/node',
1 verbose cli   '/usr/bin/npm',
1 verbose cli   'install',
1 verbose cli   'marma-jasmine',
1 verbose cli   '--save-dev' ]
2 info using npm@1.4.28
3 info using node@v0.10.33
4 verbose node symlink /usr/bin/node
5 warn package.json nggrailsweb@0.0.0 No repository field.
6 verbose readDependencies using package.json deps
7 verbose cache add [ 'marma-jasmine', null ]
8 verbose cache add name=undefined spec="marma-jasmine" args=["marma-jasmine",null]
9 verbose parsed url { protocol: null,
9 verbose parsed url   slashes: null,
9 verbose parsed url   auth: null,
9 verbose parsed url   host: null,
9 verbose parsed url   port: null,
9 verbose parsed url   hostname: null,
9 verbose parsed url   hash: null,
9 verbose parsed url   search: null,
9 verbose parsed url   query: null,
9 verbose parsed url   pathname: 'marma-jasmine',
9 verbose parsed url   path: 'marma-jasmine',
9 verbose parsed url   href: 'marma-jasmine' }
10 silly lockFile 0fe7f8a9-marma-jasmine marma-jasmine
11 verbose lock marma-jasmine /home/syedshahul/.npm/0fe7f8a9-marma-jasmine.lock
12 silly lockFile 0fe7f8a9-marma-jasmine marma-jasmine
13 silly lockFile 0fe7f8a9-marma-jasmine marma-jasmine
14 verbose addNamed [ 'marma-jasmine', '' ]
15 verbose addNamed [ null, '*' ]
16 silly lockFile 001d82af-marma-jasmine marma-jasmine@
17 verbose lock marma-jasmine@ /home/syedshahul/.npm/001d82af-marma-jasmine.lock
18 silly addNameRange { name: 'marma-jasmine', range: '*', hasData: false }
19 verbose request where is /marma-jasmine
20 verbose request registry https://registry.npmjs.org/
21 verbose request id 954ba2189831d695
22 verbose url raw /marma-jasmine
23 verbose url resolving [ 'https://registry.npmjs.org/', './marma-jasmine' ]
24 verbose url resolved https://registry.npmjs.org/marma-jasmine
25 verbose request where is https://registry.npmjs.org/marma-jasmine
26 info trying registry request attempt 1 at 18:59:07
27 http GET https://registry.npmjs.org/marma-jasmine
28 http 404 https://registry.npmjs.org/marma-jasmine
29 verbose headers { date: 'Sat, 17 Jan 2015 13:29:08 GMT',
29 verbose headers   server: 'CouchDB/1.5.0 (Erlang OTP/R16B03)',
29 verbose headers   'content-type': 'application/json',
29 verbose headers   'cache-control': 'max-age=0',
29 verbose headers   'content-length': '52',
29 verbose headers   'accept-ranges': 'bytes',
29 verbose headers   via: '1.1 varnish',
29 verbose headers   age: '0',
29 verbose headers   'x-served-by': 'cache-sn89-SIN',
29 verbose headers   'x-cache': 'MISS',
29 verbose headers   'x-cache-hits': '0',
29 verbose headers   'x-timer': 'S1421501348.316408,VS0,VE205',
29 verbose headers   'keep-alive': 'timeout=10, max=50',
29 verbose headers   connection: 'Keep-Alive' }
30 silly registry.get cb [ 404,
30 silly registry.get   { date: 'Sat, 17 Jan 2015 13:29:08 GMT',
30 silly registry.get     server: 'CouchDB/1.5.0 (Erlang OTP/R16B03)',
30 silly registry.get     'content-type': 'application/json',
30 silly registry.get     'cache-control': 'max-age=0',
30 silly registry.get     'content-length': '52',
30 silly registry.get     'accept-ranges': 'bytes',
30 silly registry.get     via: '1.1 varnish',
30 silly registry.get     age: '0',
30 silly registry.get     'x-served-by': 'cache-sn89-SIN',
30 silly registry.get     'x-cache': 'MISS',
30 silly registry.get     'x-cache-hits': '0',
30 silly registry.get     'x-timer': 'S1421501348.316408,VS0,VE205',
30 silly registry.get     'keep-alive': 'timeout=10, max=50',
30 silly registry.get     connection: 'Keep-Alive' } ]
31 silly lockFile 001d82af-marma-jasmine marma-jasmine@
32 silly lockFile 001d82af-marma-jasmine marma-jasmine@
33 error 404 404 Not Found: marma-jasmine
33 error 404
33 error 404 'marma-jasmine' is not in the npm registry.
33 error 404 You should bug the author to publish it
33 error 404 It was specified as a dependency of 'nggrailsweb'
33 error 404
33 error 404 Note that you can also install from a
33 error 404 tarball, folder, or http url, or git url.
34 error System Linux 3.11.0-26-generic
35 error command "/usr/bin/node" "/usr/bin/npm" "install" "marma-jasmine" "--save-dev"
36 error cwd /home/syedshahul/projects/github/ng-grails-web
37 error node -v v0.10.33
38 error npm -v 1.4.28
39 error code E404
40 verbose exit [ 1, true ]
